2026-07-11T14:53:51Z | REPORTE | Reporte matutino generado — 2026-07-11 — Cambios: 0
═══════════════════════════════════════════════════
MORNING REPORT — 2026-07-11T14:53:51Z
═══════════════════════════════════════════════════
═══ REPORTE MATUTINO DE ONBOARDING ═══
📅 2026-07-11

📋 No iniciados: 0\n\n🔐 Autenticación: 2\n  • Carlos Méndez Ruiz\n  • Ana García López\n\n✅ Activos: 2\n  • Laura Pérez Sánchez — ✅NDA ⏳ERP ⏳SGA\n  • María López Ruiz — ⏳NDA ⏳ERP ⏳SGA\n\n🏁 Terminados: 0\n\n📊 Cambios de estado desde ayer: 0\n    (No hay snapshot previo — primera ejecución)\n═══════════════════════════════

2026-07-11T14:55:12Z | REPORTE | Reporte matutino generado — 2026-07-11 — Cambios: 0
═══════════════════════════════════════════════════
MORNING REPORT — 2026-07-11T14:55:12Z
═══════════════════════════════════════════════════
═══ REPORTE MATUTINO DE ONBOARDING ═══
📅 2026-07-11

📋 No iniciados: 0

🔐 Autenticación: 2
  • Carlos Méndez Ruiz
  • Ana García López

✅ Activos: 2
  • Laura Pérez Sánchez — ✅NDA ⏳ERP ⏳SGA
  • María López Ruiz — ⏳NDA ⏳ERP ⏳SGA

🏁 Terminados: 0

📊 Cambios de estado desde ayer: 0
═══════════════════════════════

2026-07-11T14:56:51Z | REPORTE | Reporte matutino generado — 2026-07-11 — Cambios: 1
═══════════════════════════════════════════════════
MORNING REPORT — 2026-07-11T14:56:51Z
═══════════════════════════════════════════════════
═══ REPORTE MATUTINO DE ONBOARDING ═══
📅 2026-07-11

📋 No iniciados: 0

🔐 Autenticación: 2
  • Carlos Méndez Ruiz
  • Ana García López

✅ Activos: 1
  • María López Ruiz — ⏳NDA ⏳ERP ⏳SGA

🏁 Terminados: 1
  • Laura Pérez Sánchez

📊 Cambios de estado desde ayer: 1
    • Laura Pérez Sánchez: ACTIVO → TERMINADO
═══════════════════════════════

